2025-12-18T14:52:22.491-05:00  INFO 28736 --- [user-service] [main] com.ecommerce.user.UserApplication       : Starting UserApplication using Java 17.0.12 with PID 28736 (C:\Projects\microservices\ecom-microservices\user\target\classes started by grazi in C:\Projects\microservices\ecom-microservices)
2025-12-18T14:52:22.498-05:00  INFO 28736 --- [user-service] [main] com.ecommerce.user.UserApplication       : No active profile set, falling back to 1 default profile: "default"
2025-12-18T14:52:22.551-05:00  INFO 28736 --- [user-service] [main] o.s.c.c.c.ConfigServerConfigDataLoader   : Fetching config from server at : http://localhost:8888
2025-12-18T14:52:22.552-05:00  INFO 28736 --- [user-service] [main] o.s.c.c.c.ConfigServerConfigDataLoader   : Located environment: name=user-service, profiles=[default], label=null, version=null, state=null
2025-12-18T14:52:24.275-05:00  INFO 28736 --- [user-service] [main] .s.d.r.c.RepositoryConfigurationDelegate : Bootstrapping Spring Data MongoDB repositories in DEFAULT mode.
2025-12-18T14:52:24.496-05:00  INFO 28736 --- [user-service] [main] .s.d.r.c.RepositoryConfigurationDelegate : Finished Spring Data repository scanning in 199 ms. Found 1 MongoDB repository interface.
2025-12-18T14:52:25.077-05:00  INFO 28736 --- [user-service] [main] faultConfiguringBeanFactoryPostProcessor : No bean named 'errorChannel' has been explicitly defined. Therefore, a default PublishSubscribeChannel will be created.
2025-12-18T14:52:25.102-05:00  INFO 28736 --- [user-service] [main] faultConfiguringBeanFactoryPostProcessor : No bean named 'integrationHeaderChannelRegistry' has been explicitly defined. Therefore, a default DefaultHeaderChannelRegistry will be created.
2025-12-18T14:52:25.184-05:00  INFO 28736 --- [user-service] [main] o.s.cloud.context.scope.GenericScope     : BeanFactory id=a4204f46-cd2f-360b-8351-24595b07ef8c
2025-12-18T14:52:25.852-05:00  INFO 28736 --- [user-service] [main] o.s.boot.tomcat.TomcatWebServer          : Tomcat initialized with port 8082 (http)
2025-12-18T14:52:25.866-05:00  INFO 28736 --- [user-service] [main] o.apache.catalina.core.StandardService   : Starting service [Tomcat]
2025-12-18T14:52:25.866-05:00  INFO 28736 --- [user-service] [main] o.apache.catalina.core.StandardEngine    : Starting Servlet engine: [Apache Tomcat/11.0.14]
2025-12-18T14:52:25.944-05:00  INFO 28736 --- [user-service] [main] b.w.c.s.WebApplicationContextInitializer : Root WebApplicationContext: initialization completed in 3387 ms
2025-12-18T14:52:26.750-05:00  INFO 28736 --- [user-service] [main] org.mongodb.driver.client                : MongoClient with metadata {"driver": {"name": "mongo-java-driver|spring-boot|sync", "version": "5.6.1"}, "os": {"type": "Windows", "name": "Windows 11", "architecture": "amd64", "version": "10.0"}, "platform": "Java/Oracle Corporation/17.0.12+8-LTS-286"} created with settings MongoClientSettings{readPreference=primary, writeConcern=WriteConcern{w=null, wTimeout=null ms, journal=null}, retryWrites=true, retryReads=true, readConcern=ReadConcern{level=null}, credential=null, transportSettings=null, commandListeners=[io.micrometer.core.instrument.binder.mongodb.MongoMetricsCommandListener@64a7ad02], codecRegistry=ProvidersCodecRegistry{codecProviders=[ValueCodecProvider{}, BsonValueCodecProvider{}, DBRefCodecProvider{}, DBObjectCodecProvider{}, DocumentCodecProvider{}, CollectionCodecProvider{}, IterableCodecProvider{}, MapCodecProvider{}, GeoJsonCodecProvider{}, GridFSFileCodecProvider{}, Jsr310CodecProvider{}, JsonObjectCodecProvider{}, BsonCodecProvider{}, com.mongodb.client.model.mql.ExpressionCodecProvider@46590dd0, com.mongodb.Jep395RecordCodecProvider@6c737fdb, com.mongodb.KotlinCodecProvider@66a93b25, EnumCodecProvider{}]}, loggerSettings=LoggerSettings{maxDocumentLength=1000}, clusterSettings={hosts=[localhost:27017], srvServiceName=mongodb, mode=SINGLE, requiredClusterType=UNKNOWN, requiredReplicaSetName='null', serverSelector='null', clusterListeners='[]', serverSelectionTimeout='30000 ms', localThreshold='15 ms'}, socketSettings=SocketSettings{connectTimeoutMS=10000, readTimeoutMS=0, receiveBufferSize=0, proxySettings=ProxySettings{host=null, port=null, username=null, password=null}}, heartbeatSocketSettings=SocketSettings{connectTimeoutMS=10000, readTimeoutMS=10000, receiveBufferSize=0, proxySettings=ProxySettings{host=null, port=null, username=null, password=null}}, connectionPoolSettings=ConnectionPoolSettings{maxSize=100, minSize=0, maxWaitTimeMS=120000, maxConnectionLifeTimeMS=0, maxConnectionIdleTimeMS=0, maintenanceInitialDelayMS=0, maintenanceFrequencyMS=60000, connectionPoolListeners=[io.micrometer.core.instrument.binder.mongodb.MongoMetricsConnectionPoolListener@3f3f554f], maxConnecting=2}, serverSettings=ServerSettings{heartbeatFrequencyMS=10000, minHeartbeatFrequencyMS=500, serverMonitoringMode=AUTO, serverListeners='[]', serverMonitorListeners='[]'}, sslSettings=SslSettings{enabled=false, invalidHostNameAllowed=false, context=null}, applicationName='null', compressorList=[], uuidRepresentation=UNSPECIFIED, serverApi=null, autoEncryptionSettings=null, dnsClient=null, inetAddressResolver=null, contextProvider=null, timeoutMS=null}
2025-12-18T14:52:26.760-05:00  INFO 28736 --- [user-service] [cluster-ClusterId{value='69445b7a37fe6dc3cc6818ec', description='null'}-localhost:27017] org.mongodb.driver.cluster               : Monitor thread successfully connected to server with description ServerDescription{address=localhost:27017, type=STANDALONE, cryptd=false, state=CONNECTED, ok=true, minWireVersion=0, maxWireVersion=27, maxDocumentSize=16777216, logicalSessionTimeoutMinutes=30, roundTripTimeNanos=23012200, minRoundTripTimeNanos=0}
2025-12-18T14:52:28.329-05:00  INFO 28736 --- [user-service] [main] o.s.c.s.m.DirectWithAttributesChannel    : Channel 'user-service.springCloudBusInput' has 1 subscriber(s).
2025-12-18T14:52:29.689-05:00  INFO 28736 --- [user-service] [main] DiscoveryClientOptionalArgsConfiguration : Eureka HTTP Client uses RestClient.
2025-12-18T14:52:29.732-05:00  WARN 28736 --- [user-service] [main] iguration$LoadBalancerCaffeineWarnLogger : Spring Cloud LoadBalancer is currently working with the default cache. While this cache implementation is useful for development and tests, it's recommended to use Caffeine cache in production.You can switch to using Caffeine cache, by adding it and org.springframework.cache.caffeine.CaffeineCacheManager to the classpath.
2025-12-18T14:52:29.737-05:00  INFO 28736 --- [user-service] [main] o.s.b.a.e.web.EndpointLinksResolver      : Exposing 24 endpoints beneath base path '/actuator'
2025-12-18T14:52:29.830-05:00  INFO 28736 --- [user-service] [main] o.s.i.endpoint.EventDrivenConsumer       : Adding {logging-channel-adapter:_org.springframework.integration.errorLogger} as a subscriber to the 'errorChannel' channel
2025-12-18T14:52:29.831-05:00  INFO 28736 --- [user-service] [main] o.s.i.channel.PublishSubscribeChannel    : Channel 'user-service.errorChannel' has 1 subscriber(s).
2025-12-18T14:52:29.831-05:00  INFO 28736 --- [user-service] [main] o.s.i.endpoint.EventDrivenConsumer       : started bean '_org.springframework.integration.errorLogger'
2025-12-18T14:52:29.855-05:00  INFO 28736 --- [user-service] [main] o.s.c.n.eureka.InstanceInfoFactory       : Setting initial instance status as: STARTING
2025-12-18T14:52:29.886-05:00  INFO 28736 --- [user-service] [main] com.netflix.discovery.DiscoveryClient    : Initializing Eureka in region us-east-1
2025-12-18T14:52:29.892-05:00  INFO 28736 --- [user-service] [main] c.n.d.s.r.aws.ConfigClusterResolver      : Resolving eureka endpoints via configuration
2025-12-18T14:52:29.909-05:00  INFO 28736 --- [user-service] [main] com.netflix.discovery.DiscoveryClient    : Disable delta property : false
2025-12-18T14:52:29.909-05:00  INFO 28736 --- [user-service] [main] com.netflix.discovery.DiscoveryClient    : Single vip registry refresh property : null
2025-12-18T14:52:29.909-05:00  INFO 28736 --- [user-service] [main] com.netflix.discovery.DiscoveryClient    : Force full registry fetch : false
2025-12-18T14:52:29.909-05:00  INFO 28736 --- [user-service] [main] com.netflix.discovery.DiscoveryClient    : Application is null : false
2025-12-18T14:52:29.909-05:00  INFO 28736 --- [user-service] [main] com.netflix.discovery.DiscoveryClient    : Registered Applications size is zero : true
2025-12-18T14:52:29.909-05:00  INFO 28736 --- [user-service] [main] com.netflix.discovery.DiscoveryClient    : Application version is -1: true
2025-12-18T14:52:29.909-05:00  INFO 28736 --- [user-service] [main] com.netflix.discovery.DiscoveryClient    : Getting all instance registry info from the eureka server
2025-12-18T14:52:30.228-05:00  INFO 28736 --- [user-service] [main] com.netflix.discovery.DiscoveryClient    : The response status is 200
2025-12-18T14:52:30.229-05:00  INFO 28736 --- [user-service] [main] com.netflix.discovery.DiscoveryClient    : Starting heartbeat executor: renew interval is: 30
2025-12-18T14:52:30.231-05:00  INFO 28736 --- [user-service] [main] c.n.discovery.InstanceInfoReplicator     : InstanceInfoReplicator onDemand update allowed rate per min is 4
2025-12-18T14:52:30.232-05:00  INFO 28736 --- [user-service] [main] com.netflix.discovery.DiscoveryClient    : Discovery Client initialized at timestamp 1766087550231 with initial instances count: 2
2025-12-18T14:52:30.234-05:00  INFO 28736 --- [user-service] [main] o.s.c.n.e.s.EurekaServiceRegistry        : Registering application USER-SERVICE with eureka with status UP
2025-12-18T14:52:30.236-05:00  INFO 28736 --- [user-service] [main] com.netflix.discovery.DiscoveryClient    : Saw local status change event StatusChangeEvent [timestamp=1766087550236, current=UP, previous=STARTING]
2025-12-18T14:52:30.237-05:00  INFO 28736 --- [user-service] [DiscoveryClient-InstanceInfoReplicator-%d] com.netflix.discovery.DiscoveryClient    : DiscoveryClient_USER-SERVICE/host.docker.internal:user-service:8082: registering service...
2025-12-18T14:52:30.238-05:00  INFO 28736 --- [user-service] [main] o.s.c.s.binder.DefaultBinderFactory      : Creating binder: rabbit
2025-12-18T14:52:30.238-05:00  INFO 28736 --- [user-service] [main] o.s.c.s.binder.DefaultBinderFactory      : Constructing binder child context for rabbit
2025-12-18T14:52:30.284-05:00  INFO 28736 --- [user-service] [DiscoveryClient-InstanceInfoReplicator-%d] com.netflix.discovery.DiscoveryClient    : DiscoveryClient_USER-SERVICE/host.docker.internal:user-service:8082 - registration status: 204
2025-12-18T14:52:30.377-05:00  INFO 28736 --- [user-service] [main] o.s.c.s.binder.DefaultBinderFactory      : Caching the binder: rabbit
2025-12-18T14:52:30.392-05:00  INFO 28736 --- [user-service] [main] c.s.b.r.p.RabbitExchangeQueueProvisioner : declaring queue for inbound: springCloudBus.anonymous.rJxyNUXpQDCaS_fqtB8TWw, bound to: springCloudBus
2025-12-18T14:52:30.401-05:00  INFO 28736 --- [user-service] [main] o.s.a.r.c.CachingConnectionFactory       : Attempting to connect to: [localhost:5672]
2025-12-18T14:52:30.497-05:00  INFO 28736 --- [user-service] [main] o.s.a.r.c.CachingConnectionFactory       : Created new connection: rabbitConnectionFactory#48a2b492:0/SimpleConnection@616d9a6d [delegate=amqp://guest@127.0.0.1:5672/, localPort=51760]
2025-12-18T14:52:30.584-05:00  INFO 28736 --- [user-service] [main] o.s.c.stream.binder.BinderErrorChannel   : Channel 'rabbit-40286161.springCloudBusInput.errors' has 1 subscriber(s).
2025-12-18T14:52:30.585-05:00  INFO 28736 --- [user-service] [main] o.s.c.stream.binder.BinderErrorChannel   : Channel 'rabbit-40286161.springCloudBusInput.errors' has 2 subscriber(s).
2025-12-18T14:52:30.615-05:00  INFO 28736 --- [user-service] [main] o.s.i.a.i.AmqpInboundChannelAdapter      : started bean 'inbound.springCloudBus.anonymous.rJxyNUXpQDCaS_fqtB8TWw'
2025-12-18T14:52:30.647-05:00  INFO 28736 --- [user-service] [main] o.s.boot.tomcat.TomcatWebServer          : Tomcat started on port 8082 (http) with context path '/'
2025-12-18T14:52:30.649-05:00  INFO 28736 --- [user-service] [main] .s.c.n.e.s.EurekaAutoServiceRegistration : Updating port to 8082
2025-12-18T14:52:31.184-05:00  INFO 28736 --- [user-service] [main] com.ecommerce.user.UserApplication       : Started UserApplication in 10.224 seconds (process running for 11.122)
2025-12-18T14:53:35.446-05:00  INFO 28736 --- [user-service] [http-nio-8082-exec-2] o.a.c.c.C.[Tomcat].[localhost].[/]       : Initializing Spring DispatcherServlet 'dispatcherServlet'
2025-12-18T14:53:35.446-05:00  INFO 28736 --- [user-service] [http-nio-8082-exec-2] o.s.web.servlet.DispatcherServlet        : Initializing Servlet 'dispatcherServlet'
2025-12-18T14:53:35.448-05:00  INFO 28736 --- [user-service] [http-nio-8082-exec-2] o.s.web.servlet.DispatcherServlet        : Completed initialization in 2 ms
2025-12-18T14:53:35.490-05:00  INFO 28736 --- [user-service] [http-nio-8082-exec-2] c.e.user.controller.UserController       : Request received for user: 692dead6b9b718c3558d53cc
2025-12-18T14:57:29.919-05:00  INFO 28736 --- [user-service] [AsyncResolver-bootstrap-executor-%d] c.n.d.s.r.aws.ConfigClusterResolver      : Resolving eureka endpoints via configuration
2025-12-18T14:57:40.501-05:00  INFO 28736 --- [user-service] [SpringApplicationShutdownHook] o.s.c.n.e.s.EurekaServiceRegistry        : Unregistering application USER-SERVICE with eureka with status DOWN
2025-12-18T14:57:40.501-05:00  INFO 28736 --- [user-service] [SpringApplicationShutdownHook] com.netflix.discovery.DiscoveryClient    : Saw local status change event StatusChangeEvent [timestamp=1766087860501, current=DOWN, previous=UP]
2025-12-18T14:57:40.501-05:00  INFO 28736 --- [user-service] [DiscoveryClient-InstanceInfoReplicator-%d] com.netflix.discovery.DiscoveryClient    : DiscoveryClient_USER-SERVICE/host.docker.internal:user-service:8082: registering service...
2025-12-18T14:57:40.505-05:00  INFO 28736 --- [user-service] [SpringApplicationShutdownHook] o.s.boot.tomcat.GracefulShutdown         : Commencing graceful shutdown. Waiting for active requests to complete
2025-12-18T14:57:40.507-05:00  INFO 28736 --- [user-service] [DiscoveryClient-InstanceInfoReplicator-%d] com.netflix.discovery.DiscoveryClient    : DiscoveryClient_USER-SERVICE/host.docker.internal:user-service:8082 - registration status: 204
2025-12-18T14:57:40.575-05:00  INFO 28736 --- [user-service] [tomcat-shutdown] o.s.boot.tomcat.GracefulShutdown         : Graceful shutdown complete
2025-12-18T14:57:40.586-05:00  INFO 28736 --- [user-service] [SpringApplicationShutdownHook] o.s.a.r.l.SimpleMessageListenerContainer : Waiting for workers to finish.
2025-12-18T14:57:40.845-05:00  INFO 28736 --- [user-service] [SpringApplicationShutdownHook] o.s.a.r.l.SimpleMessageListenerContainer : Successfully waited for workers to finish.
2025-12-18T14:57:40.846-05:00  INFO 28736 --- [user-service] [SpringApplicationShutdownHook] o.s.i.a.i.AmqpInboundChannelAdapter      : stopped bean 'inbound.springCloudBus.anonymous.rJxyNUXpQDCaS_fqtB8TWw'
2025-12-18T14:57:40.849-05:00  INFO 28736 --- [user-service] [SpringApplicationShutdownHook] o.s.c.stream.binder.BinderErrorChannel   : Channel 'user-service.rabbit-40286161.springCloudBusInput.errors' has 1 subscriber(s).
2025-12-18T14:57:40.851-05:00  INFO 28736 --- [user-service] [SpringApplicationShutdownHook] o.s.c.stream.binder.BinderErrorChannel   : Channel 'user-service.rabbit-40286161.springCloudBusInput.errors' has 0 subscriber(s).
2025-12-18T14:57:40.882-05:00  INFO 28736 --- [user-service] [SpringApplicationShutdownHook] o.s.i.endpoint.EventDrivenConsumer       : Removing {logging-channel-adapter:_org.springframework.integration.errorLogger} as a subscriber to the 'errorChannel' channel
2025-12-18T14:57:40.882-05:00  INFO 28736 --- [user-service] [SpringApplicationShutdownHook] o.s.i.channel.PublishSubscribeChannel    : Channel 'user-service.errorChannel' has 0 subscriber(s).
2025-12-18T14:57:40.882-05:00  INFO 28736 --- [user-service] [SpringApplicationShutdownHook] o.s.i.endpoint.EventDrivenConsumer       : stopped bean '_org.springframework.integration.errorLogger'
2025-12-18T14:57:40.896-05:00  INFO 28736 --- [user-service] [SpringApplicationShutdownHook] com.netflix.discovery.DiscoveryClient    : Shutting down DiscoveryClient ...
2025-12-18T14:57:43.911-05:00  INFO 28736 --- [user-service] [SpringApplicationShutdownHook] com.netflix.discovery.DiscoveryClient    : Unregistering ...
2025-12-18T14:57:43.929-05:00  INFO 28736 --- [user-service] [SpringApplicationShutdownHook] com.netflix.discovery.DiscoveryClient    : DiscoveryClient_USER-SERVICE/host.docker.internal:user-service:8082 - deregister  status: 200
2025-12-18T14:57:43.929-05:00  INFO 28736 --- [user-service] [SpringApplicationShutdownHook] com.netflix.discovery.DiscoveryClient    : Completed shut down of DiscoveryClient
2025-12-18T14:57:47.651-05:00  INFO 34820 --- [user-service] [main] com.ecommerce.user.UserApplication       : Starting UserApplication using Java 17.0.12 with PID 34820 (C:\Projects\microservices\ecom-microservices\user\target\classes started by grazi in C:\Projects\microservices\ecom-microservices)
2025-12-18T14:57:47.658-05:00  INFO 34820 --- [user-service] [main] com.ecommerce.user.UserApplication       : No active profile set, falling back to 1 default profile: "default"
2025-12-18T14:57:47.723-05:00  INFO 34820 --- [user-service] [main] o.s.c.c.c.ConfigServerConfigDataLoader   : Fetching config from server at : http://localhost:8888
2025-12-18T14:57:47.724-05:00  INFO 34820 --- [user-service] [main] o.s.c.c.c.ConfigServerConfigDataLoader   : Located environment: name=user-service, profiles=[default], label=null, version=null, state=null
2025-12-18T14:57:49.391-05:00  INFO 34820 --- [user-service] [main] .s.d.r.c.RepositoryConfigurationDelegate : Bootstrapping Spring Data MongoDB repositories in DEFAULT mode.
2025-12-18T14:57:49.561-05:00  INFO 34820 --- [user-service] [main] .s.d.r.c.RepositoryConfigurationDelegate : Finished Spring Data repository scanning in 155 ms. Found 1 MongoDB repository interface.
2025-12-18T14:57:50.187-05:00  INFO 34820 --- [user-service] [main] faultConfiguringBeanFactoryPostProcessor : No bean named 'errorChannel' has been explicitly defined. Therefore, a default PublishSubscribeChannel will be created.
2025-12-18T14:57:50.203-05:00  INFO 34820 --- [user-service] [main] faultConfiguringBeanFactoryPostProcessor : No bean named 'integrationHeaderChannelRegistry' has been explicitly defined. Therefore, a default DefaultHeaderChannelRegistry will be created.
2025-12-18T14:57:50.269-05:00  INFO 34820 --- [user-service] [main] o.s.cloud.context.scope.GenericScope     : BeanFactory id=a4204f46-cd2f-360b-8351-24595b07ef8c
2025-12-18T14:57:51.175-05:00  INFO 34820 --- [user-service] [main] o.s.boot.tomcat.TomcatWebServer          : Tomcat initialized with port 8082 (http)
2025-12-18T14:57:51.196-05:00  INFO 34820 --- [user-service] [main] o.apache.catalina.core.StandardService   : Starting service [Tomcat]
2025-12-18T14:57:51.197-05:00  INFO 34820 --- [user-service] [main] o.apache.catalina.core.StandardEngine    : Starting Servlet engine: [Apache Tomcat/11.0.14]
2025-12-18T14:57:51.334-05:00  INFO 34820 --- [user-service] [main] b.w.c.s.WebApplicationContextInitializer : Root WebApplicationContext: initialization completed in 3606 ms
2025-12-18T14:57:52.236-05:00  INFO 34820 --- [user-service] [main] org.mongodb.driver.client                : MongoClient with metadata {"driver": {"name": "mongo-java-driver|spring-boot|sync", "version": "5.6.1"}, "os": {"type": "Windows", "name": "Windows 11", "architecture": "amd64", "version": "10.0"}, "platform": "Java/Oracle Corporation/17.0.12+8-LTS-286"} created with settings MongoClientSettings{readPreference=primary, writeConcern=WriteConcern{w=null, wTimeout=null ms, journal=null}, retryWrites=true, retryReads=true, readConcern=ReadConcern{level=null}, credential=null, transportSettings=null, commandListeners=[io.micrometer.core.instrument.binder.mongodb.MongoMetricsCommandListener@77226121], codecRegistry=ProvidersCodecRegistry{codecProviders=[ValueCodecProvider{}, BsonValueCodecProvider{}, DBRefCodecProvider{}, DBObjectCodecProvider{}, DocumentCodecProvider{}, CollectionCodecProvider{}, IterableCodecProvider{}, MapCodecProvider{}, GeoJsonCodecProvider{}, GridFSFileCodecProvider{}, Jsr310CodecProvider{}, JsonObjectCodecProvider{}, BsonCodecProvider{}, com.mongodb.client.model.mql.ExpressionCodecProvider@3117ac8d, com.mongodb.Jep395RecordCodecProvider@760c777d, com.mongodb.KotlinCodecProvider@7ea039b4, EnumCodecProvider{}]}, loggerSettings=LoggerSettings{maxDocumentLength=1000}, clusterSettings={hosts=[localhost:27017], srvServiceName=mongodb, mode=SINGLE, requiredClusterType=UNKNOWN, requiredReplicaSetName='null', serverSelector='null', clusterListeners='[]', serverSelectionTimeout='30000 ms', localThreshold='15 ms'}, socketSettings=SocketSettings{connectTimeoutMS=10000, readTimeoutMS=0, receiveBufferSize=0, proxySettings=ProxySettings{host=null, port=null, username=null, password=null}}, heartbeatSocketSettings=SocketSettings{connectTimeoutMS=10000, readTimeoutMS=10000, receiveBufferSize=0, proxySettings=ProxySettings{host=null, port=null, username=null, password=null}}, connectionPoolSettings=ConnectionPoolSettings{maxSize=100, minSize=0, maxWaitTimeMS=120000, maxConnectionLifeTimeMS=0, maxConnectionIdleTimeMS=0, maintenanceInitialDelayMS=0, maintenanceFrequencyMS=60000, connectionPoolListeners=[io.micrometer.core.instrument.binder.mongodb.MongoMetricsConnectionPoolListener@1aef7428], maxConnecting=2}, serverSettings=ServerSettings{heartbeatFrequencyMS=10000, minHeartbeatFrequencyMS=500, serverMonitoringMode=AUTO, serverListeners='[]', serverMonitorListeners='[]'}, sslSettings=SslSettings{enabled=false, invalidHostNameAllowed=false, context=null}, applicationName='null', compressorList=[], uuidRepresentation=UNSPECIFIED, serverApi=null, autoEncryptionSettings=null, dnsClient=null, inetAddressResolver=null, contextProvider=null, timeoutMS=null}
2025-12-18T14:57:52.254-05:00  INFO 34820 --- [user-service] [cluster-ClusterId{value='69445cc097948d897b81bf07', description='null'}-localhost:27017] org.mongodb.driver.cluster               : Monitor thread successfully connected to server with description ServerDescription{address=localhost:27017, type=STANDALONE, cryptd=false, state=CONNECTED, ok=true, minWireVersion=0, maxWireVersion=27, maxDocumentSize=16777216, logicalSessionTimeoutMinutes=30, roundTripTimeNanos=31692800, minRoundTripTimeNanos=0}
2025-12-18T14:57:53.819-05:00  INFO 34820 --- [user-service] [main] o.s.c.s.m.DirectWithAttributesChannel    : Channel 'user-service.springCloudBusInput' has 1 subscriber(s).
2025-12-18T14:57:55.379-05:00  INFO 34820 --- [user-service] [main] DiscoveryClientOptionalArgsConfiguration : Eureka HTTP Client uses RestClient.
2025-12-18T14:57:55.434-05:00  WARN 34820 --- [user-service] [main] iguration$LoadBalancerCaffeineWarnLogger : Spring Cloud LoadBalancer is currently working with the default cache. While this cache implementation is useful for development and tests, it's recommended to use Caffeine cache in production.You can switch to using Caffeine cache, by adding it and org.springframework.cache.caffeine.CaffeineCacheManager to the classpath.
2025-12-18T14:57:55.442-05:00  INFO 34820 --- [user-service] [main] o.s.b.a.e.web.EndpointLinksResolver      : Exposing 24 endpoints beneath base path '/actuator'
2025-12-18T14:57:55.564-05:00  INFO 34820 --- [user-service] [main] o.s.i.endpoint.EventDrivenConsumer       : Adding {logging-channel-adapter:_org.springframework.integration.errorLogger} as a subscriber to the 'errorChannel' channel
2025-12-18T14:57:55.565-05:00  INFO 34820 --- [user-service] [main] o.s.i.channel.PublishSubscribeChannel    : Channel 'user-service.errorChannel' has 1 subscriber(s).
2025-12-18T14:57:55.565-05:00  INFO 34820 --- [user-service] [main] o.s.i.endpoint.EventDrivenConsumer       : started bean '_org.springframework.integration.errorLogger'
2025-12-18T14:57:55.600-05:00  INFO 34820 --- [user-service] [main] o.s.c.n.eureka.InstanceInfoFactory       : Setting initial instance status as: STARTING
2025-12-18T14:57:55.661-05:00  INFO 34820 --- [user-service] [main] com.netflix.discovery.DiscoveryClient    : Initializing Eureka in region us-east-1
2025-12-18T14:57:55.668-05:00  INFO 34820 --- [user-service] [main] c.n.d.s.r.aws.ConfigClusterResolver      : Resolving eureka endpoints via configuration
2025-12-18T14:57:55.684-05:00  INFO 34820 --- [user-service] [main] com.netflix.discovery.DiscoveryClient    : Disable delta property : false
2025-12-18T14:57:55.685-05:00  INFO 34820 --- [user-service] [main] com.netflix.discovery.DiscoveryClient    : Single vip registry refresh property : null
2025-12-18T14:57:55.685-05:00  INFO 34820 --- [user-service] [main] com.netflix.discovery.DiscoveryClient    : Force full registry fetch : false
2025-12-18T14:57:55.685-05:00  INFO 34820 --- [user-service] [main] com.netflix.discovery.DiscoveryClient    : Application is null : false
2025-12-18T14:57:55.685-05:00  INFO 34820 --- [user-service] [main] com.netflix.discovery.DiscoveryClient    : Registered Applications size is zero : true
2025-12-18T14:57:55.685-05:00  INFO 34820 --- [user-service] [main] com.netflix.discovery.DiscoveryClient    : Application version is -1: true
2025-12-18T14:57:55.686-05:00  INFO 34820 --- [user-service] [main] com.netflix.discovery.DiscoveryClient    : Getting all instance registry info from the eureka server
2025-12-18T14:57:56.049-05:00  INFO 34820 --- [user-service] [main] com.netflix.discovery.DiscoveryClient    : The response status is 200
2025-12-18T14:57:56.051-05:00  INFO 34820 --- [user-service] [main] com.netflix.discovery.DiscoveryClient    : Starting heartbeat executor: renew interval is: 30
2025-12-18T14:57:56.052-05:00  INFO 34820 --- [user-service] [main] c.n.discovery.InstanceInfoReplicator     : InstanceInfoReplicator onDemand update allowed rate per min is 4
2025-12-18T14:57:56.054-05:00  INFO 34820 --- [user-service] [main] com.netflix.discovery.DiscoveryClient    : Discovery Client initialized at timestamp 1766087876053 with initial instances count: 2
2025-12-18T14:57:56.057-05:00  INFO 34820 --- [user-service] [main] o.s.c.n.e.s.EurekaServiceRegistry        : Registering application USER-SERVICE with eureka with status UP
2025-12-18T14:57:56.057-05:00  INFO 34820 --- [user-service] [main] com.netflix.discovery.DiscoveryClient    : Saw local status change event StatusChangeEvent [timestamp=1766087876057, current=UP, previous=STARTING]
2025-12-18T14:57:56.059-05:00  INFO 34820 --- [user-service] [DiscoveryClient-InstanceInfoReplicator-%d] com.netflix.discovery.DiscoveryClient    : DiscoveryClient_USER-SERVICE/host.docker.internal:user-service:8082: registering service...
2025-12-18T14:57:56.060-05:00  INFO 34820 --- [user-service] [main] o.s.c.s.binder.DefaultBinderFactory      : Creating binder: rabbit
2025-12-18T14:57:56.061-05:00  INFO 34820 --- [user-service] [main] o.s.c.s.binder.DefaultBinderFactory      : Constructing binder child context for rabbit
2025-12-18T14:57:56.106-05:00  INFO 34820 --- [user-service] [DiscoveryClient-InstanceInfoReplicator-%d] com.netflix.discovery.DiscoveryClient    : DiscoveryClient_USER-SERVICE/host.docker.internal:user-service:8082 - registration status: 204
2025-12-18T14:57:56.210-05:00  INFO 34820 --- [user-service] [main] o.s.c.s.binder.DefaultBinderFactory      : Caching the binder: rabbit
2025-12-18T14:57:56.225-05:00  INFO 34820 --- [user-service] [main] c.s.b.r.p.RabbitExchangeQueueProvisioner : declaring queue for inbound: springCloudBus.anonymous.gp7c9FPGS6mDrhDaWGY4jQ, bound to: springCloudBus
2025-12-18T14:57:56.232-05:00  INFO 34820 --- [user-service] [main] o.s.a.r.c.CachingConnectionFactory       : Attempting to connect to: [localhost:5672]
2025-12-18T14:57:56.306-05:00  INFO 34820 --- [user-service] [main] o.s.a.r.c.CachingConnectionFactory       : Created new connection: rabbitConnectionFactory#6dd7af2f:0/SimpleConnection@5fe7454c [delegate=amqp://guest@127.0.0.1:5672/, localPort=58911]
2025-12-18T14:57:56.379-05:00  INFO 34820 --- [user-service] [main] o.s.c.stream.binder.BinderErrorChannel   : Channel 'rabbit-885494376.springCloudBusInput.errors' has 1 subscriber(s).
2025-12-18T14:57:56.380-05:00  INFO 34820 --- [user-service] [main] o.s.c.stream.binder.BinderErrorChannel   : Channel 'rabbit-885494376.springCloudBusInput.errors' has 2 subscriber(s).
2025-12-18T14:57:56.406-05:00  INFO 34820 --- [user-service] [main] o.s.i.a.i.AmqpInboundChannelAdapter      : started bean 'inbound.springCloudBus.anonymous.gp7c9FPGS6mDrhDaWGY4jQ'
2025-12-18T14:57:56.433-05:00  INFO 34820 --- [user-service] [main] o.s.boot.tomcat.TomcatWebServer          : Tomcat started on port 8082 (http) with context path '/'
2025-12-18T14:57:56.435-05:00  INFO 34820 --- [user-service] [main] .s.c.n.e.s.EurekaAutoServiceRegistration : Updating port to 8082
2025-12-18T14:57:56.867-05:00  INFO 34820 --- [user-service] [main] com.ecommerce.user.UserApplication       : Started UserApplication in 10.702 seconds (process running for 11.683)
2025-12-18T14:59:47.833-05:00  INFO 34820 --- [user-service] [SpringApplicationShutdownHook] o.s.c.n.e.s.EurekaServiceRegistry        : Unregistering application USER-SERVICE with eureka with status DOWN
2025-12-18T14:59:47.835-05:00  INFO 34820 --- [user-service] [SpringApplicationShutdownHook] com.netflix.discovery.DiscoveryClient    : Saw local status change event StatusChangeEvent [timestamp=1766087987835, current=DOWN, previous=UP]
2025-12-18T14:59:47.835-05:00  INFO 34820 --- [user-service] [DiscoveryClient-InstanceInfoReplicator-%d] com.netflix.discovery.DiscoveryClient    : DiscoveryClient_USER-SERVICE/host.docker.internal:user-service:8082: registering service...
2025-12-18T14:59:47.839-05:00  INFO 34820 --- [user-service] [SpringApplicationShutdownHook] o.s.boot.tomcat.GracefulShutdown         : Commencing graceful shutdown. Waiting for active requests to complete
2025-12-18T14:59:47.849-05:00  INFO 34820 --- [user-service] [DiscoveryClient-InstanceInfoReplicator-%d] com.netflix.discovery.DiscoveryClient    : DiscoveryClient_USER-SERVICE/host.docker.internal:user-service:8082 - registration status: 204
2025-12-18T14:59:47.914-05:00  INFO 34820 --- [user-service] [tomcat-shutdown] o.s.boot.tomcat.GracefulShutdown         : Graceful shutdown complete
2025-12-18T14:59:47.925-05:00  INFO 34820 --- [user-service] [SpringApplicationShutdownHook] o.s.a.r.l.SimpleMessageListenerContainer : Waiting for workers to finish.
2025-12-18T14:59:48.579-05:00  INFO 34820 --- [user-service] [SpringApplicationShutdownHook] o.s.a.r.l.SimpleMessageListenerContainer : Successfully waited for workers to finish.
2025-12-18T14:59:48.580-05:00  INFO 34820 --- [user-service] [SpringApplicationShutdownHook] o.s.i.a.i.AmqpInboundChannelAdapter      : stopped bean 'inbound.springCloudBus.anonymous.gp7c9FPGS6mDrhDaWGY4jQ'
2025-12-18T14:59:48.584-05:00  INFO 34820 --- [user-service] [SpringApplicationShutdownHook] o.s.c.stream.binder.BinderErrorChannel   : Channel 'user-service.rabbit-885494376.springCloudBusInput.errors' has 1 subscriber(s).
2025-12-18T14:59:48.585-05:00  INFO 34820 --- [user-service] [SpringApplicationShutdownHook] o.s.c.stream.binder.BinderErrorChannel   : Channel 'user-service.rabbit-885494376.springCloudBusInput.errors' has 0 subscriber(s).
2025-12-18T14:59:48.618-05:00  INFO 34820 --- [user-service] [SpringApplicationShutdownHook] o.s.i.endpoint.EventDrivenConsumer       : Removing {logging-channel-adapter:_org.springframework.integration.errorLogger} as a subscriber to the 'errorChannel' channel
2025-12-18T14:59:48.619-05:00  INFO 34820 --- [user-service] [SpringApplicationShutdownHook] o.s.i.channel.PublishSubscribeChannel    : Channel 'user-service.errorChannel' has 0 subscriber(s).
2025-12-18T14:59:48.620-05:00  INFO 34820 --- [user-service] [SpringApplicationShutdownHook] o.s.i.endpoint.EventDrivenConsumer       : stopped bean '_org.springframework.integration.errorLogger'
2025-12-18T14:59:48.633-05:00  INFO 34820 --- [user-service] [SpringApplicationShutdownHook] com.netflix.discovery.DiscoveryClient    : Shutting down DiscoveryClient ...
2025-12-18T14:59:51.636-05:00  INFO 34820 --- [user-service] [SpringApplicationShutdownHook] com.netflix.discovery.DiscoveryClient    : Unregistering ...
2025-12-18T14:59:51.653-05:00  INFO 34820 --- [user-service] [SpringApplicationShutdownHook] com.netflix.discovery.DiscoveryClient    : DiscoveryClient_USER-SERVICE/host.docker.internal:user-service:8082 - deregister  status: 200
2025-12-18T14:59:51.653-05:00  INFO 34820 --- [user-service] [SpringApplicationShutdownHook] com.netflix.discovery.DiscoveryClient    : Completed shut down of DiscoveryClient
